{"src/musicPlayer.js":{"path":"src/musicPlayer.js","s":{"1":1,"2":1,"3":1,"4":1,"5":1,"6":1,"7":1,"8":1,"9":1,"10":1,"11":1,"12":1,"13":1,"14":0,"15":0,"16":0,"17":0,"18":0,"19":0,"20":0,"21":1,"22":0,"23":0,"24":1,"25":0,"26":0,"27":1,"28":0,"29":0,"30":1,"31":0,"32":1,"33":0,"34":1,"35":0,"36":0,"37":0,"38":0,"39":0,"40":0,"41":0,"42":0,"43":0,"44":1,"45":0,"46":0,"47":0,"48":0,"49":1,"50":0,"51":0,"52":1,"53":0,"54":1},"b":{"1":[0,0],"2":[0,0],"3":[0,0],"4":[0,0],"5":[0,0,0]},"f":{"1":1,"2":0,"3":0,"4":0,"5":0,"6":0,"7":0,"8":0,"9":0,"10":0,"11":0},"fnMap":{"1":{"name":"(anonymous_1)","line":6,"loc":{"start":{"line":6,"column":18},"end":{"line":6,"column":30}}},"2":{"name":"(anonymous_2)","line":36,"loc":{"start":{"line":36,"column":16},"end":{"line":36,"column":27}}},"3":{"name":"(anonymous_3)","line":49,"loc":{"start":{"line":49,"column":12},"end":{"line":49,"column":23}}},"4":{"name":"(anonymous_4)","line":54,"loc":{"start":{"line":54,"column":12},"end":{"line":54,"column":23}}},"5":{"name":"(anonymous_5)","line":59,"loc":{"start":{"line":59,"column":24},"end":{"line":59,"column":48}}},"6":{"name":"(anonymous_6)","line":64,"loc":{"start":{"line":64,"column":18},"end":{"line":64,"column":42}}},"7":{"name":"(anonymous_7)","line":68,"loc":{"start":{"line":68,"column":12},"end":{"line":68,"column":29}}},"8":{"name":"createSong","line":77,"loc":{"start":{"line":77,"column":1},"end":{"line":77,"column":32}}},"9":{"name":"makeSound","line":92,"loc":{"start":{"line":92,"column":1},"end":{"line":92,"column":45}}},"10":{"name":"debug","line":99,"loc":{"start":{"line":99,"column":1},"end":{"line":99,"column":25}}},"11":{"name":"setDebug","line":105,"loc":{"start":{"line":105,"column":1},"end":{"line":105,"column":25}}}},"statementMap":{"1":{"start":{"line":6,"column":0},"end":{"line":122,"column":2}},"2":{"start":{"line":8,"column":1},"end":{"line":8,"column":80}},"3":{"start":{"line":9,"column":1},"end":{"line":9,"column":66}},"4":{"start":{"line":10,"column":1},"end":{"line":10,"column":114}},"5":{"start":{"line":13,"column":1},"end":{"line":13,"column":33}},"6":{"start":{"line":14,"column":1},"end":{"line":14,"column":61}},"7":{"start":{"line":15,"column":1},"end":{"line":27,"column":5}},"8":{"start":{"line":30,"column":1},"end":{"line":30,"column":20}},"9":{"start":{"line":31,"column":1},"end":{"line":31,"column":14}},"10":{"start":{"line":32,"column":1},"end":{"line":32,"column":15}},"11":{"start":{"line":33,"column":1},"end":{"line":33,"column":27}},"12":{"start":{"line":34,"column":1},"end":{"line":34,"column":16}},"13":{"start":{"line":36,"column":1},"end":{"line":47,"column":2}},"14":{"start":{"line":37,"column":2},"end":{"line":37,"column":26}},"15":{"start":{"line":38,"column":2},"end":{"line":38,"column":26}},"16":{"start":{"line":39,"column":2},"end":{"line":41,"column":3}},"17":{"start":{"line":40,"column":3},"end":{"line":40,"column":40}},"18":{"start":{"line":43,"column":2},"end":{"line":43,"column":11}},"19":{"start":{"line":44,"column":2},"end":{"line":46,"column":3}},"20":{"start":{"line":45,"column":3},"end":{"line":45,"column":14}},"21":{"start":{"line":49,"column":1},"end":{"line":52,"column":2}},"22":{"start":{"line":50,"column":2},"end":{"line":50,"column":29}},"23":{"start":{"line":51,"column":2},"end":{"line":51,"column":58}},"24":{"start":{"line":54,"column":1},"end":{"line":57,"column":2}},"25":{"start":{"line":55,"column":2},"end":{"line":55,"column":23}},"26":{"start":{"line":56,"column":2},"end":{"line":56,"column":38}},"27":{"start":{"line":59,"column":1},"end":{"line":62,"column":2}},"28":{"start":{"line":60,"column":2},"end":{"line":60,"column":44}},"29":{"start":{"line":61,"column":2},"end":{"line":61,"column":54}},"30":{"start":{"line":64,"column":1},"end":{"line":66,"column":2}},"31":{"start":{"line":65,"column":2},"end":{"line":65,"column":36}},"32":{"start":{"line":68,"column":1},"end":{"line":70,"column":2}},"33":{"start":{"line":69,"column":2},"end":{"line":69,"column":18}},"34":{"start":{"line":77,"column":1},"end":{"line":90,"column":2}},"35":{"start":{"line":78,"column":2},"end":{"line":78,"column":29}},"36":{"start":{"line":79,"column":2},"end":{"line":79,"column":40}},"37":{"start":{"line":81,"column":2},"end":{"line":86,"column":3}},"38":{"start":{"line":82,"column":3},"end":{"line":82,"column":36}},"39":{"start":{"line":83,"column":6},"end":{"line":83,"column":46}},"40":{"start":{"line":84,"column":6},"end":{"line":84,"column":52}},"41":{"start":{"line":85,"column":6},"end":{"line":85,"column":37}},"42":{"start":{"line":87,"column":2},"end":{"line":87,"column":31}},"43":{"start":{"line":89,"column":2},"end":{"line":89,"column":17}},"44":{"start":{"line":92,"column":1},"end":{"line":97,"column":2}},"45":{"start":{"line":93,"column":2},"end":{"line":93,"column":25}},"46":{"start":{"line":94,"column":2},"end":{"line":94,"column":33}},"47":{"start":{"line":95,"column":2},"end":{"line":95,"column":31}},"48":{"start":{"line":96,"column":2},"end":{"line":96,"column":44}},"49":{"start":{"line":99,"column":1},"end":{"line":103,"column":2}},"50":{"start":{"line":100,"column":2},"end":{"line":102,"column":3}},"51":{"start":{"line":101,"column":3},"end":{"line":101,"column":24}},"52":{"start":{"line":105,"column":1},"end":{"line":107,"column":2}},"53":{"start":{"line":106,"column":2},"end":{"line":106,"column":16}},"54":{"start":{"line":109,"column":1},"end":{"line":121,"column":2}}},"branchMap":{"1":{"line":39,"type":"if","locations":[{"start":{"line":39,"column":2},"end":{"line":39,"column":2}},{"start":{"line":39,"column":2},"end":{"line":39,"column":2}}]},"2":{"line":44,"type":"if","locations":[{"start":{"line":44,"column":2},"end":{"line":44,"column":2}},{"start":{"line":44,"column":2},"end":{"line":44,"column":2}}]},"3":{"line":81,"type":"binary-expr","locations":[{"start":{"line":81,"column":9},"end":{"line":81,"column":29}},{"start":{"line":81,"column":33},"end":{"line":81,"column":61}}]},"4":{"line":100,"type":"if","locations":[{"start":{"line":100,"column":2},"end":{"line":100,"column":2}},{"start":{"line":100,"column":2},"end":{"line":100,"column":2}}]},"5":{"line":100,"type":"binary-expr","locations":[{"start":{"line":100,"column":6},"end":{"line":100,"column":13}},{"start":{"line":100,"column":17},"end":{"line":100,"column":23}},{"start":{"line":100,"column":27},"end":{"line":100,"column":34}}]}}},"src/vendor/audiosynth.js":{"path":"src/vendor/audiosynth.js","s":{"1":1,"2":1,"3":1,"4":1,"5":1,"6":0,"7":1,"8":1,"9":1,"10":0,"11":1,"12":30,"13":1,"14":14,"15":1,"16":1,"17":1,"18":1,"19":1,"20":1,"21":0,"22":1,"23":1,"24":1,"25":1,"26":0,"27":1,"28":0,"29":1,"30":1,"31":0,"32":1,"33":1,"34":1,"35":1,"36":1,"37":1,"38":1,"39":1,"40":1,"41":0,"42":0,"43":0,"44":1,"45":0,"46":1,"47":1,"48":0,"49":0,"50":0,"51":0,"52":0,"53":0,"54":0,"55":1,"56":0,"57":1,"58":1,"59":1,"60":1,"61":1,"62":0,"63":1,"64":2,"65":2,"66":2,"67":4,"68":4,"69":32,"70":32,"71":384,"72":32,"73":4,"74":1,"75":0,"76":0,"77":1,"78":0,"79":0,"80":0,"81":0,"82":0,"83":0,"84":0,"85":0,"86":0,"87":0,"88":0,"89":0,"90":0,"91":0,"92":0,"93":0,"94":0,"95":0,"96":0,"97":0,"98":0,"99":0,"100":0,"101":0,"102":0,"103":0,"104":0,"105":0,"106":0,"107":0,"108":0,"109":0,"110":0,"111":0,"112":0,"113":0,"114":0,"115":0,"116":0,"117":0,"118":0,"119":0,"120":0,"121":0,"122":0,"123":0,"124":0,"125":0,"126":0,"127":1,"128":0,"129":0,"130":0,"131":0,"132":1,"133":0,"134":1,"135":1,"136":1,"137":1,"138":1,"139":1,"140":1,"141":1,"142":1,"143":0,"144":0,"145":0,"146":0,"147":1,"148":0,"149":1,"150":1,"151":1,"152":1,"153":1,"154":0,"155":0,"156":0,"157":0,"158":1,"159":1,"160":1,"161":1,"162":4,"163":4,"164":0,"165":4,"166":1,"167":1,"168":1,"169":1,"170":10,"171":10,"172":0,"173":10,"174":1,"175":1,"176":1,"177":1,"178":0,"179":0,"180":0,"181":0,"182":0,"183":0,"184":0,"185":0,"186":0,"187":0,"188":1,"189":0,"190":0,"191":0,"192":0,"193":0,"194":0,"195":0,"196":0,"197":0,"198":0,"199":0,"200":0,"201":0,"202":0,"203":0,"204":0,"205":0,"206":0,"207":0,"208":0,"209":0,"210":0,"211":0,"212":0,"213":0,"214":0,"215":0,"216":0,"217":0,"218":0,"219":0,"220":0,"221":0,"222":0,"223":0,"224":0,"225":0,"226":0,"227":0,"228":0,"229":0,"230":0,"231":0},"b":{"1":[1,1],"2":[0,1],"3":[1,1],"4":[0,1],"5":[0,1],"6":[0,0],"7":[0,0],"8":[0,0],"9":[0,0],"10":[0,0],"11":[0,0],"12":[0,0],"13":[0,0],"14":[0,0],"15":[1,0],"16":[1,0],"17":[0,0],"18":[0,1],"19":[0,4],"20":[0,10],"21":[0,0],"22":[0,0],"23":[0,0],"24":[0,0],"25":[0,0],"26":[0,0],"27":[0,0],"28":[0,0],"29":[0,0]},"f":{"1":1,"2":0,"3":30,"4":14,"5":1,"6":1,"7":0,"8":0,"9":1,"10":0,"11":0,"12":0,"13":0,"14":0,"15":2,"16":0,"17":0,"18":0,"19":0,"20":1,"21":0,"22":1,"23":1,"24":1,"25":0,"26":0,"27":0,"28":0,"29":0,"30":0,"31":0,"32":0,"33":0,"34":0,"35":0,"36":0,"37":0,"38":0,"39":0,"40":0,"41":0,"42":0,"43":0,"44":0,"45":0,"46":0},"fnMap":{"1":{"name":"(anonymous_1)","line":2,"loc":{"start":{"line":2,"column":1},"end":{"line":2,"column":11}}},"2":{"name":"(anonymous_2)","line":13,"loc":{"start":{"line":13,"column":12},"end":{"line":13,"column":27}}},"3":{"name":"(anonymous_3)","line":14,"loc":{"start":{"line":14,"column":21},"end":{"line":14,"column":38}}},"4":{"name":"(anonymous_4)","line":15,"loc":{"start":{"line":15,"column":20},"end":{"line":15,"column":35}}},"5":{"name":"AudioSynthInstrument","line":16,"loc":{"start":{"line":16,"column":24},"end":{"line":16,"column":55}}},"6":{"name":"(anonymous_6)","line":19,"loc":{"start":{"line":19,"column":21},"end":{"line":19,"column":37}}},"7":{"name":"(anonymous_7)","line":25,"loc":{"start":{"line":25,"column":16},"end":{"line":25,"column":49}}},"8":{"name":"(anonymous_8)","line":28,"loc":{"start":{"line":28,"column":20},"end":{"line":28,"column":53}}},"9":{"name":"AudioSynth","line":31,"loc":{"start":{"line":31,"column":14},"end":{"line":31,"column":35}}},"10":{"name":"(anonymous_10)","line":38,"loc":{"start":{"line":38,"column":25},"end":{"line":38,"column":37}}},"11":{"name":"(anonymous_11)","line":43,"loc":{"start":{"line":43,"column":25},"end":{"line":43,"column":36}}},"12":{"name":"(anonymous_12)","line":45,"loc":{"start":{"line":45,"column":21},"end":{"line":45,"column":33}}},"13":{"name":"(anonymous_13)","line":52,"loc":{"start":{"line":52,"column":21},"end":{"line":52,"column":32}}},"14":{"name":"(anonymous_14)","line":57,"loc":{"start":{"line":57,"column":17},"end":{"line":57,"column":34}}},"15":{"name":"(anonymous_15)","line":58,"loc":{"start":{"line":58,"column":25},"end":{"line":58,"column":36}}},"16":{"name":"(anonymous_16)","line":73,"loc":{"start":{"line":73,"column":24},"end":{"line":73,"column":35}}},"17":{"name":"(anonymous_17)","line":77,"loc":{"start":{"line":77,"column":20},"end":{"line":77,"column":60}}},"18":{"name":"(anonymous_18)","line":158,"loc":{"start":{"line":158,"column":16},"end":{"line":158,"column":56}}},"19":{"name":"(anonymous_19)","line":164,"loc":{"start":{"line":164,"column":17},"end":{"line":164,"column":28}}},"20":{"name":"(anonymous_20)","line":165,"loc":{"start":{"line":165,"column":28},"end":{"line":165,"column":44}}},"21":{"name":"(anonymous_21)","line":189,"loc":{"start":{"line":189,"column":22},"end":{"line":189,"column":33}}},"22":{"name":"(anonymous_22)","line":196,"loc":{"start":{"line":196,"column":21},"end":{"line":196,"column":31}}},"23":{"name":"(anonymous_23)","line":199,"loc":{"start":{"line":199,"column":28},"end":{"line":199,"column":39}}},"24":{"name":"(anonymous_24)","line":208,"loc":{"start":{"line":208,"column":34},"end":{"line":208,"column":45}}},"25":{"name":"(anonymous_25)","line":221,"loc":{"start":{"line":221,"column":1},"end":{"line":221,"column":39}}},"26":{"name":"(anonymous_26)","line":222,"loc":{"start":{"line":222,"column":1},"end":{"line":222,"column":39}}},"27":{"name":"(anonymous_27)","line":223,"loc":{"start":{"line":223,"column":1},"end":{"line":223,"column":39}}},"28":{"name":"(anonymous_28)","line":224,"loc":{"start":{"line":224,"column":1},"end":{"line":224,"column":39}}},"29":{"name":"(anonymous_29)","line":225,"loc":{"start":{"line":225,"column":1},"end":{"line":225,"column":39}}},"30":{"name":"(anonymous_30)","line":226,"loc":{"start":{"line":226,"column":1},"end":{"line":226,"column":39}}},"31":{"name":"(anonymous_31)","line":227,"loc":{"start":{"line":227,"column":1},"end":{"line":227,"column":39}}},"32":{"name":"(anonymous_32)","line":228,"loc":{"start":{"line":228,"column":1},"end":{"line":228,"column":39}}},"33":{"name":"(anonymous_33)","line":229,"loc":{"start":{"line":229,"column":1},"end":{"line":229,"column":39}}},"34":{"name":"(anonymous_34)","line":230,"loc":{"start":{"line":230,"column":1},"end":{"line":230,"column":39}}},"35":{"name":"(anonymous_35)","line":235,"loc":{"start":{"line":235,"column":9},"end":{"line":235,"column":20}}},"36":{"name":"(anonymous_36)","line":236,"loc":{"start":{"line":236,"column":9},"end":{"line":236,"column":49}}},"37":{"name":"(anonymous_37)","line":239,"loc":{"start":{"line":239,"column":7},"end":{"line":239,"column":50}}},"38":{"name":"(anonymous_38)","line":253,"loc":{"start":{"line":253,"column":9},"end":{"line":253,"column":20}}},"39":{"name":"(anonymous_39)","line":254,"loc":{"start":{"line":254,"column":9},"end":{"line":254,"column":41}}},"40":{"name":"(anonymous_40)","line":255,"loc":{"start":{"line":255,"column":7},"end":{"line":255,"column":42}}},"41":{"name":"(anonymous_41)","line":269,"loc":{"start":{"line":269,"column":9},"end":{"line":269,"column":20}}},"42":{"name":"(anonymous_42)","line":270,"loc":{"start":{"line":270,"column":9},"end":{"line":270,"column":20}}},"43":{"name":"(anonymous_43)","line":271,"loc":{"start":{"line":271,"column":7},"end":{"line":271,"column":42}}},"44":{"name":"(anonymous_44)","line":320,"loc":{"start":{"line":320,"column":9},"end":{"line":320,"column":20}}},"45":{"name":"(anonymous_45)","line":321,"loc":{"start":{"line":321,"column":9},"end":{"line":321,"column":20}}},"46":{"name":"(anonymous_46)","line":322,"loc":{"start":{"line":322,"column":7},"end":{"line":322,"column":42}}}},"statementMap":{"1":{"start":{"line":1,"column":0},"end":{"line":1,"column":44}},"2":{"start":{"line":2,"column":0},"end":{"line":218,"column":4}},"3":{"start":{"line":4,"column":1},"end":{"line":4,"column":42}},"4":{"start":{"line":5,"column":1},"end":{"line":5,"column":24}},"5":{"start":{"line":7,"column":1},"end":{"line":9,"column":2}},"6":{"start":{"line":8,"column":2},"end":{"line":8,"column":62}},"7":{"start":{"line":11,"column":1},"end":{"line":11,"column":27}},"8":{"start":{"line":12,"column":1},"end":{"line":12,"column":31}},"9":{"start":{"line":13,"column":1},"end":{"line":13,"column":131}},"10":{"start":{"line":13,"column":29},"end":{"line":13,"column":128}},"11":{"start":{"line":14,"column":1},"end":{"line":14,"column":109}},"12":{"start":{"line":14,"column":39},"end":{"line":14,"column":107}},"13":{"start":{"line":15,"column":1},"end":{"line":15,"column":74}},"14":{"start":{"line":15,"column":36},"end":{"line":15,"column":72}},"15":{"start":{"line":16,"column":1},"end":{"line":16,"column":94}},"16":{"start":{"line":16,"column":56},"end":{"line":16,"column":92}},"17":{"start":{"line":17,"column":1},"end":{"line":17,"column":66}},"18":{"start":{"line":18,"column":1},"end":{"line":18,"column":64}},"19":{"start":{"line":19,"column":1},"end":{"line":24,"column":4}},"20":{"start":{"line":20,"column":2},"end":{"line":20,"column":149}},"21":{"start":{"line":20,"column":23},"end":{"line":20,"column":147}},"22":{"start":{"line":21,"column":2},"end":{"line":21,"column":41}},"23":{"start":{"line":22,"column":2},"end":{"line":22,"column":37}},"24":{"start":{"line":23,"column":2},"end":{"line":23,"column":42}},"25":{"start":{"line":25,"column":1},"end":{"line":27,"column":4}},"26":{"start":{"line":26,"column":2},"end":{"line":26,"column":66}},"27":{"start":{"line":28,"column":1},"end":{"line":30,"column":4}},"28":{"start":{"line":29,"column":2},"end":{"line":29,"column":70}},"29":{"start":{"line":31,"column":1},"end":{"line":31,"column":147}},"30":{"start":{"line":31,"column":36},"end":{"line":31,"column":145}},"31":{"start":{"line":31,"column":81},"end":{"line":31,"column":107}},"32":{"start":{"line":31,"column":114},"end":{"line":31,"column":130}},"33":{"start":{"line":31,"column":131},"end":{"line":31,"column":143}},"34":{"start":{"line":32,"column":1},"end":{"line":32,"column":52}},"35":{"start":{"line":33,"column":1},"end":{"line":33,"column":50}},"36":{"start":{"line":34,"column":1},"end":{"line":34,"column":30}},"37":{"start":{"line":35,"column":1},"end":{"line":35,"column":30}},"38":{"start":{"line":36,"column":1},"end":{"line":36,"column":24}},"39":{"start":{"line":37,"column":1},"end":{"line":37,"column":35}},"40":{"start":{"line":38,"column":1},"end":{"line":42,"column":4}},"41":{"start":{"line":39,"column":2},"end":{"line":39,"column":57}},"42":{"start":{"line":40,"column":2},"end":{"line":40,"column":21}},"43":{"start":{"line":41,"column":2},"end":{"line":41,"column":26}},"44":{"start":{"line":43,"column":1},"end":{"line":43,"column":66}},"45":{"start":{"line":43,"column":38},"end":{"line":43,"column":62}},"46":{"start":{"line":44,"column":1},"end":{"line":44,"column":31}},"47":{"start":{"line":45,"column":1},"end":{"line":51,"column":4}},"48":{"start":{"line":46,"column":2},"end":{"line":46,"column":20}},"49":{"start":{"line":46,"column":21},"end":{"line":46,"column":44}},"50":{"start":{"line":46,"column":36},"end":{"line":46,"column":42}},"51":{"start":{"line":47,"column":2},"end":{"line":47,"column":26}},"52":{"start":{"line":48,"column":2},"end":{"line":48,"column":50}},"53":{"start":{"line":49,"column":2},"end":{"line":49,"column":21}},"54":{"start":{"line":50,"column":2},"end":{"line":50,"column":22}},"55":{"start":{"line":52,"column":1},"end":{"line":52,"column":88}},"56":{"start":{"line":52,"column":34},"end":{"line":52,"column":84}},"57":{"start":{"line":53,"column":1},"end":{"line":53,"column":158}},"58":{"start":{"line":54,"column":1},"end":{"line":54,"column":31}},"59":{"start":{"line":55,"column":1},"end":{"line":55,"column":26}},"60":{"start":{"line":56,"column":1},"end":{"line":56,"column":28}},"61":{"start":{"line":57,"column":1},"end":{"line":57,"column":80}},"62":{"start":{"line":57,"column":35},"end":{"line":57,"column":76}},"63":{"start":{"line":58,"column":1},"end":{"line":72,"column":4}},"64":{"start":{"line":59,"column":2},"end":{"line":59,"column":26}},"65":{"start":{"line":60,"column":2},"end":{"line":60,"column":30}},"66":{"start":{"line":61,"column":2},"end":{"line":71,"column":3}},"67":{"start":{"line":62,"column":3},"end":{"line":62,"column":23}},"68":{"start":{"line":63,"column":3},"end":{"line":69,"column":4}},"69":{"start":{"line":64,"column":4},"end":{"line":64,"column":22}},"70":{"start":{"line":65,"column":4},"end":{"line":67,"column":5}},"71":{"start":{"line":66,"column":5},"end":{"line":66,"column":22}},"72":{"start":{"line":68,"column":4},"end":{"line":68,"column":30}},"73":{"start":{"line":70,"column":3},"end":{"line":70,"column":22}},"74":{"start":{"line":73,"column":1},"end":{"line":76,"column":4}},"75":{"start":{"line":74,"column":2},"end":{"line":74,"column":23}},"76":{"start":{"line":75,"column":2},"end":{"line":75,"column":22}},"77":{"start":{"line":77,"column":1},"end":{"line":157,"column":4}},"78":{"start":{"line":78,"column":2},"end":{"line":78,"column":38}},"79":{"start":{"line":79,"column":2},"end":{"line":87,"column":3}},"80":{"start":{"line":80,"column":3},"end":{"line":86,"column":4}},"81":{"start":{"line":81,"column":4},"end":{"line":85,"column":5}},"82":{"start":{"line":82,"column":5},"end":{"line":82,"column":33}},"83":{"start":{"line":83,"column":5},"end":{"line":83,"column":15}},"84":{"start":{"line":84,"column":5},"end":{"line":84,"column":11}},"85":{"start":{"line":88,"column":2},"end":{"line":88,"column":76}},"86":{"start":{"line":88,"column":19},"end":{"line":88,"column":74}},"87":{"start":{"line":89,"column":2},"end":{"line":89,"column":31}},"88":{"start":{"line":90,"column":2},"end":{"line":90,"column":18}},"89":{"start":{"line":91,"column":2},"end":{"line":91,"column":14}},"90":{"start":{"line":92,"column":2},"end":{"line":92,"column":44}},"91":{"start":{"line":93,"column":2},"end":{"line":93,"column":46}},"92":{"start":{"line":94,"column":2},"end":{"line":94,"column":97}},"93":{"start":{"line":94,"column":47},"end":{"line":94,"column":95}},"94":{"start":{"line":95,"column":2},"end":{"line":156,"column":3}},"95":{"start":{"line":96,"column":3},"end":{"line":96,"column":88}},"96":{"start":{"line":96,"column":21},"end":{"line":96,"column":86}},"97":{"start":{"line":97,"column":3},"end":{"line":97,"column":55}},"98":{"start":{"line":99,"column":3},"end":{"line":99,"column":60}},"99":{"start":{"line":100,"column":3},"end":{"line":100,"column":37}},"100":{"start":{"line":101,"column":3},"end":{"line":101,"column":29}},"101":{"start":{"line":102,"column":3},"end":{"line":102,"column":33}},"102":{"start":{"line":103,"column":3},"end":{"line":103,"column":43}},"103":{"start":{"line":104,"column":3},"end":{"line":104,"column":64}},"104":{"start":{"line":105,"column":3},"end":{"line":105,"column":64}},"105":{"start":{"line":106,"column":3},"end":{"line":106,"column":33}},"106":{"start":{"line":107,"column":3},"end":{"line":107,"column":58}},"107":{"start":{"line":108,"column":3},"end":{"line":108,"column":15}},"108":{"start":{"line":109,"column":3},"end":{"line":109,"column":18}},"109":{"start":{"line":111,"column":3},"end":{"line":111,"column":80}},"110":{"start":{"line":112,"column":3},"end":{"line":112,"column":45}},"111":{"start":{"line":113,"column":3},"end":{"line":113,"column":42}},"112":{"start":{"line":115,"column":3},"end":{"line":122,"column":4}},"113":{"start":{"line":117,"column":4},"end":{"line":117,"column":103}},"114":{"start":{"line":119,"column":4},"end":{"line":119,"column":23}},"115":{"start":{"line":120,"column":4},"end":{"line":120,"column":34}},"116":{"start":{"line":124,"column":3},"end":{"line":131,"column":4}},"117":{"start":{"line":126,"column":4},"end":{"line":126,"column":153}},"118":{"start":{"line":128,"column":4},"end":{"line":128,"column":23}},"119":{"start":{"line":129,"column":4},"end":{"line":129,"column":34}},"120":{"start":{"line":133,"column":3},"end":{"line":150,"column":5}},"121":{"start":{"line":151,"column":3},"end":{"line":151,"column":49}},"122":{"start":{"line":152,"column":3},"end":{"line":152,"column":43}},"123":{"start":{"line":153,"column":3},"end":{"line":153,"column":58}},"124":{"start":{"line":154,"column":3},"end":{"line":154,"column":79}},"125":{"start":{"line":154,"column":21},"end":{"line":154,"column":77}},"126":{"start":{"line":155,"column":3},"end":{"line":155,"column":18}},"127":{"start":{"line":158,"column":1},"end":{"line":163,"column":4}},"128":{"start":{"line":159,"column":2},"end":{"line":159,"column":57}},"129":{"start":{"line":160,"column":2},"end":{"line":160,"column":29}},"130":{"start":{"line":161,"column":2},"end":{"line":161,"column":15}},"131":{"start":{"line":162,"column":2},"end":{"line":162,"column":14}},"132":{"start":{"line":164,"column":1},"end":{"line":164,"column":53}},"133":{"start":{"line":164,"column":30},"end":{"line":164,"column":49}},"134":{"start":{"line":165,"column":1},"end":{"line":188,"column":4}},"135":{"start":{"line":166,"column":2},"end":{"line":166,"column":12}},"136":{"start":{"line":167,"column":2},"end":{"line":167,"column":20}},"137":{"start":{"line":168,"column":2},"end":{"line":182,"column":3}},"138":{"start":{"line":169,"column":3},"end":{"line":175,"column":4}},"139":{"start":{"line":170,"column":4},"end":{"line":174,"column":5}},"140":{"start":{"line":171,"column":5},"end":{"line":171,"column":18}},"141":{"start":{"line":172,"column":5},"end":{"line":172,"column":11}},"142":{"start":{"line":173,"column":5},"end":{"line":173,"column":11}},"143":{"start":{"line":177,"column":3},"end":{"line":181,"column":4}},"144":{"start":{"line":178,"column":4},"end":{"line":178,"column":14}},"145":{"start":{"line":179,"column":4},"end":{"line":179,"column":33}},"146":{"start":{"line":180,"column":4},"end":{"line":180,"column":17}},"147":{"start":{"line":183,"column":2},"end":{"line":183,"column":72}},"148":{"start":{"line":183,"column":15},"end":{"line":183,"column":70}},"149":{"start":{"line":184,"column":2},"end":{"line":184,"column":23}},"150":{"start":{"line":185,"column":2},"end":{"line":185,"column":53}},"151":{"start":{"line":186,"column":2},"end":{"line":186,"column":24}},"152":{"start":{"line":187,"column":2},"end":{"line":187,"column":13}},"153":{"start":{"line":189,"column":1},"end":{"line":195,"column":4}},"154":{"start":{"line":190,"column":2},"end":{"line":190,"column":13}},"155":{"start":{"line":191,"column":2},"end":{"line":193,"column":3}},"156":{"start":{"line":192,"column":3},"end":{"line":192,"column":32}},"157":{"start":{"line":194,"column":2},"end":{"line":194,"column":11}},"158":{"start":{"line":196,"column":1},"end":{"line":198,"column":4}},"159":{"start":{"line":197,"column":2},"end":{"line":197,"column":22}},"160":{"start":{"line":199,"column":1},"end":{"line":207,"column":4}},"161":{"start":{"line":200,"column":2},"end":{"line":204,"column":3}},"162":{"start":{"line":201,"column":3},"end":{"line":201,"column":20}},"163":{"start":{"line":202,"column":3},"end":{"line":202,"column":76}},"164":{"start":{"line":202,"column":32},"end":{"line":202,"column":74}},"165":{"start":{"line":203,"column":3},"end":{"line":203,"column":24}},"166":{"start":{"line":205,"column":2},"end":{"line":205,"column":22}},"167":{"start":{"line":206,"column":2},"end":{"line":206,"column":14}},"168":{"start":{"line":208,"column":1},"end":{"line":215,"column":4}},"169":{"start":{"line":209,"column":2},"end":{"line":213,"column":3}},"170":{"start":{"line":210,"column":3},"end":{"line":210,"column":20}},"171":{"start":{"line":211,"column":3},"end":{"line":211,"column":81}},"172":{"start":{"line":211,"column":31},"end":{"line":211,"column":79}},"173":{"start":{"line":212,"column":3},"end":{"line":212,"column":21}},"174":{"start":{"line":214,"column":2},"end":{"line":214,"column":14}},"175":{"start":{"line":216,"column":1},"end":{"line":216,"column":39}},"176":{"start":{"line":217,"column":1},"end":{"line":217,"column":28}},"177":{"start":{"line":220,"column":0},"end":{"line":231,"column":2}},"178":{"start":{"line":221,"column":41},"end":{"line":221,"column":111}},"179":{"start":{"line":222,"column":41},"end":{"line":222,"column":111}},"180":{"start":{"line":223,"column":41},"end":{"line":223,"column":111}},"181":{"start":{"line":224,"column":41},"end":{"line":224,"column":113}},"182":{"start":{"line":225,"column":41},"end":{"line":225,"column":114}},"183":{"start":{"line":226,"column":41},"end":{"line":226,"column":113}},"184":{"start":{"line":227,"column":41},"end":{"line":227,"column":113}},"185":{"start":{"line":228,"column":41},"end":{"line":228,"column":113}},"186":{"start":{"line":229,"column":41},"end":{"line":229,"column":115}},"187":{"start":{"line":230,"column":41},"end":{"line":230,"column":116}},"188":{"start":{"line":233,"column":0},"end":{"line":350,"column":3}},"189":{"start":{"line":235,"column":22},"end":{"line":235,"column":35}},"190":{"start":{"line":237,"column":2},"end":{"line":237,"column":65}},"191":{"start":{"line":240,"column":2},"end":{"line":240,"column":30}},"192":{"start":{"line":241,"column":2},"end":{"line":248,"column":4}},"193":{"start":{"line":253,"column":22},"end":{"line":253,"column":33}},"194":{"start":{"line":254,"column":43},"end":{"line":254,"column":71}},"195":{"start":{"line":256,"column":2},"end":{"line":256,"column":30}},"196":{"start":{"line":257,"column":2},"end":{"line":264,"column":4}},"197":{"start":{"line":269,"column":22},"end":{"line":269,"column":35}},"198":{"start":{"line":270,"column":22},"end":{"line":270,"column":31}},"199":{"start":{"line":273,"column":2},"end":{"line":273,"column":23}},"200":{"start":{"line":274,"column":2},"end":{"line":274,"column":56}},"201":{"start":{"line":275,"column":2},"end":{"line":275,"column":61}},"202":{"start":{"line":275,"column":42},"end":{"line":275,"column":59}},"203":{"start":{"line":276,"column":2},"end":{"line":276,"column":69}},"204":{"start":{"line":276,"column":46},"end":{"line":276,"column":67}},"205":{"start":{"line":278,"column":2},"end":{"line":278,"column":35}},"206":{"start":{"line":279,"column":2},"end":{"line":279,"column":29}},"207":{"start":{"line":280,"column":2},"end":{"line":280,"column":37}},"208":{"start":{"line":282,"column":2},"end":{"line":282,"column":36}},"209":{"start":{"line":283,"column":2},"end":{"line":283,"column":64}},"210":{"start":{"line":285,"column":2},"end":{"line":285,"column":24}},"211":{"start":{"line":287,"column":2},"end":{"line":315,"column":3}},"212":{"start":{"line":289,"column":3},"end":{"line":289,"column":50}},"213":{"start":{"line":291,"column":3},"end":{"line":291,"column":42}},"214":{"start":{"line":295,"column":3},"end":{"line":295,"column":110}},"215":{"start":{"line":297,"column":3},"end":{"line":308,"column":4}},"216":{"start":{"line":298,"column":4},"end":{"line":307,"column":5}},"217":{"start":{"line":299,"column":5},"end":{"line":304,"column":6}},"218":{"start":{"line":301,"column":6},"end":{"line":301,"column":23}},"219":{"start":{"line":302,"column":6},"end":{"line":302,"column":76}},"220":{"start":{"line":303,"column":6},"end":{"line":303,"column":25}},"221":{"start":{"line":306,"column":5},"end":{"line":306,"column":22}},"222":{"start":{"line":310,"column":3},"end":{"line":310,"column":37}},"223":{"start":{"line":311,"column":3},"end":{"line":311,"column":63}},"224":{"start":{"line":311,"column":19},"end":{"line":311,"column":36}},"225":{"start":{"line":311,"column":46},"end":{"line":311,"column":61}},"226":{"start":{"line":313,"column":3},"end":{"line":313,"column":18}},"227":{"start":{"line":320,"column":22},"end":{"line":320,"column":35}},"228":{"start":{"line":321,"column":22},"end":{"line":321,"column":31}},"229":{"start":{"line":323,"column":2},"end":{"line":323,"column":30}},"230":{"start":{"line":324,"column":2},"end":{"line":324,"column":35}},"231":{"start":{"line":325,"column":2},"end":{"line":348,"column":4}}},"branchMap":{"1":{"line":4,"type":"binary-expr","locations":[{"start":{"line":4,"column":11},"end":{"line":4,"column":21}},{"start":{"line":4,"column":25},"end":{"line":4,"column":41}}]},"2":{"line":7,"type":"if","locations":[{"start":{"line":7,"column":1},"end":{"line":7,"column":1}},{"start":{"line":7,"column":1},"end":{"line":7,"column":1}}]},"3":{"line":7,"type":"binary-expr","locations":[{"start":{"line":7,"column":4},"end":{"line":7,"column":8}},{"start":{"line":7,"column":12},"end":{"line":7,"column":17}}]},"4":{"line":20,"type":"if","locations":[{"start":{"line":20,"column":2},"end":{"line":20,"column":2}},{"start":{"line":20,"column":2},"end":{"line":20,"column":2}}]},"5":{"line":31,"type":"if","locations":[{"start":{"line":31,"column":36},"end":{"line":31,"column":36}},{"start":{"line":31,"column":36},"end":{"line":31,"column":36}}]},"6":{"line":46,"type":"if","locations":[{"start":{"line":46,"column":21},"end":{"line":46,"column":21}},{"start":{"line":46,"column":21},"end":{"line":46,"column":21}}]},"7":{"line":79,"type":"if","locations":[{"start":{"line":79,"column":2},"end":{"line":79,"column":2}},{"start":{"line":79,"column":2},"end":{"line":79,"column":2}}]},"8":{"line":81,"type":"if","locations":[{"start":{"line":81,"column":4},"end":{"line":81,"column":4}},{"start":{"line":81,"column":4},"end":{"line":81,"column":4}}]},"9":{"line":88,"type":"if","locations":[{"start":{"line":88,"column":2},"end":{"line":88,"column":2}},{"start":{"line":88,"column":2},"end":{"line":88,"column":2}}]},"10":{"line":93,"type":"cond-expr","locations":[{"start":{"line":93,"column":23},"end":{"line":93,"column":24}},{"start":{"line":93,"column":25},"end":{"line":93,"column":45}}]},"11":{"line":94,"type":"if","locations":[{"start":{"line":94,"column":2},"end":{"line":94,"column":2}},{"start":{"line":94,"column":2},"end":{"line":94,"column":2}}]},"12":{"line":95,"type":"if","locations":[{"start":{"line":95,"column":2},"end":{"line":95,"column":2}},{"start":{"line":95,"column":2},"end":{"line":95,"column":2}}]},"13":{"line":96,"type":"if","locations":[{"start":{"line":96,"column":3},"end":{"line":96,"column":3}},{"start":{"line":96,"column":3},"end":{"line":96,"column":3}}]},"14":{"line":154,"type":"if","locations":[{"start":{"line":154,"column":3},"end":{"line":154,"column":3}},{"start":{"line":154,"column":3},"end":{"line":154,"column":3}}]},"15":{"line":168,"type":"if","locations":[{"start":{"line":168,"column":2},"end":{"line":168,"column":2}},{"start":{"line":168,"column":2},"end":{"line":168,"column":2}}]},"16":{"line":170,"type":"if","locations":[{"start":{"line":170,"column":4},"end":{"line":170,"column":4}},{"start":{"line":170,"column":4},"end":{"line":170,"column":4}}]},"17":{"line":177,"type":"if","locations":[{"start":{"line":177,"column":3},"end":{"line":177,"column":3}},{"start":{"line":177,"column":3},"end":{"line":177,"column":3}}]},"18":{"line":183,"type":"if","locations":[{"start":{"line":183,"column":2},"end":{"line":183,"column":2}},{"start":{"line":183,"column":2},"end":{"line":183,"column":2}}]},"19":{"line":202,"type":"if","locations":[{"start":{"line":202,"column":3},"end":{"line":202,"column":3}},{"start":{"line":202,"column":3},"end":{"line":202,"column":3}}]},"20":{"line":211,"type":"if","locations":[{"start":{"line":211,"column":3},"end":{"line":211,"column":3}},{"start":{"line":211,"column":3},"end":{"line":211,"column":3}}]},"21":{"line":274,"type":"cond-expr","locations":[{"start":{"line":274,"column":37},"end":{"line":274,"column":39}},{"start":{"line":274,"column":40},"end":{"line":274,"column":55}}]},"22":{"line":275,"type":"if","locations":[{"start":{"line":275,"column":2},"end":{"line":275,"column":2}},{"start":{"line":275,"column":2},"end":{"line":275,"column":2}}]},"23":{"line":276,"type":"if","locations":[{"start":{"line":276,"column":2},"end":{"line":276,"column":2}},{"start":{"line":276,"column":2},"end":{"line":276,"column":2}}]},"24":{"line":287,"type":"if","locations":[{"start":{"line":287,"column":2},"end":{"line":287,"column":2}},{"start":{"line":287,"column":2},"end":{"line":287,"column":2}}]},"25":{"line":295,"type":"cond-expr","locations":[{"start":{"line":295,"column":68},"end":{"line":295,"column":69}},{"start":{"line":295,"column":70},"end":{"line":295,"column":79}}]},"26":{"line":297,"type":"if","locations":[{"start":{"line":297,"column":3},"end":{"line":297,"column":3}},{"start":{"line":297,"column":3},"end":{"line":297,"column":3}}]},"27":{"line":298,"type":"if","locations":[{"start":{"line":298,"column":4},"end":{"line":298,"column":4}},{"start":{"line":298,"column":4},"end":{"line":298,"column":4}}]},"28":{"line":299,"type":"if","locations":[{"start":{"line":299,"column":5},"end":{"line":299,"column":5}},{"start":{"line":299,"column":5},"end":{"line":299,"column":5}}]},"29":{"line":311,"type":"if","locations":[{"start":{"line":311,"column":3},"end":{"line":311,"column":3}},{"start":{"line":311,"column":3},"end":{"line":311,"column":3}}]}}}}